<?xml version="1.0" encoding="UTF-8"?>
<!-- Generated by org.testng.reporters.JUnitXMLReporter -->
<testsuite ignored="0" hostname="LAPTOP-M644PBGN" failures="0" tests="4" name="Test-2" time="0.01" errors="0" timestamp="2020-12-30T12:11:15 IST">
  <testcase classname="testclasses.TestNG_Preserve2" name="testMethod1" time="0.001"/>
  <testcase classname="testclasses.TestNG_Preserve2" name="testMethod2" time="0.001"/>
  <testcase classname="testclasses.TestNg_Preserve1" name="testMethod1" time="0.001"/>
  <testcase classname="testclasses.TestNg_Preserve1" name="testMethod2" time="0.0"/>
</testsuite> <!-- Test-2 -->
