<?xml version="1.0" encoding="UTF-8"?>
<!-- Generated by org.testng.reporters.JUnitReportReporter -->
<testsuite hostname="LAPTOP-M644PBGN" failures="0" tests="1" name="performancetesting.TestPerformance" time="8.847" errors="0" timestamp="2021-01-07T22:16:25 IST" skipped="0">
  <testcase classname="performancetesting.TestPerformance" name="test" time="8.847"/>
  <system-out/>
</testsuite> <!-- performancetesting.TestPerformance -->
