<?xml version="1.0" encoding="UTF-8"?>
<!-- Generated by org.testng.reporters.JUnitReportReporter -->
<testsuite hostname="LAPTOP-M644PBGN" failures="0" tests="1" name="extentreports.ExtentReportTest2" time="3.350" errors="0" timestamp="2021-01-04T00:39:04 IST" skipped="0">
  <testcase classname="extentreports.ExtentReportTest2" name="validLoginTest" time="3.350"/>
  <system-out/>
</testsuite> <!-- extentreports.ExtentReportTest2 -->
