<?xml version="1.0" encoding="UTF-8"?>
<!-- Generated by org.testng.reporters.JUnitReportReporter -->
<testsuite hostname="LAPTOP-M644PBGN" failures="0" tests="2" name="readfromexcel.WriteToExcel" time="18.756" errors="0" timestamp="2021-02-09T19:16:06 IST" skipped="0">
  <testcase classname="readfromexcel.WriteToExcel" name="test" time="11.533"/>
  <system-out/>
  <testcase classname="readfromexcel.WriteToExcel" name="test" time="7.223"/>
  <system-out/>
</testsuite> <!-- readfromexcel.WriteToExcel -->
