<?xml version="1.0" encoding="UTF-8"?>
<!-- Generated by org.testng.reporters.JUnitReportReporter -->
<testsuite hostname="LAPTOP-M644PBGN" failures="0" tests="2" name="readfromexcel.WriteToExcel" time="18.827" errors="0" timestamp="2021-01-04T21:06:05 IST" skipped="0">
  <testcase classname="readfromexcel.WriteToExcel" name="test" time="11.572"/>
  <system-out/>
  <testcase classname="readfromexcel.WriteToExcel" name="test" time="7.255"/>
  <system-out/>
</testsuite> <!-- readfromexcel.WriteToExcel -->
