<?xml version="1.0" encoding="UTF-8"?>
<!-- Generated by org.testng.reporters.JUnitReportReporter -->
<testsuite hostname="LAPTOP-M644PBGN" failures="0" tests="1" name="extentreports.ExtentReportTest" time="10.821" errors="0" timestamp="2021-01-04T00:39:04 IST" skipped="0">
  <testcase classname="extentreports.ExtentReportTest" name="validLoginTest" time="10.821"/>
  <system-out/>
</testsuite> <!-- extentreports.ExtentReportTest -->
