<?xml version="1.0" encoding="UTF-8"?>
<!-- Generated by org.testng.reporters.JUnitReportReporter -->
<testsuite hostname="LAPTOP-M644PBGN" failures="0" tests="2" name="testngParallelExercise.TestNG_Parallel_Exercise1" time="29.096" errors="0" timestamp="2021-01-01T22:38:52 IST" skipped="0">
  <testcase classname="testngParallelExercise.TestNG_Parallel_Exercise1" name="test" time="14.703"/>
  <system-out/>
  <testcase classname="testngParallelExercise.TestNG_Parallel_Exercise1" name="test" time="14.393"/>
  <system-out/>
</testsuite> <!-- testngParallelExercise.TestNG_Parallel_Exercise1 -->
