<?xml version="1.0" encoding="UTF-8"?>
<!-- Generated by org.testng.reporters.JUnitReportReporter -->
<testsuite hostname="LAPTOP-M644PBGN" failures="0" tests="2" name="testclasses.TestNG_Parameters" time="0.002" errors="0" timestamp="2021-02-03T20:56:54 IST" skipped="0">
  <testcase classname="testclasses.TestNG_Parameters" name="testParameters2" time="0.001"/>
  <system-out/>
  <testcase classname="testclasses.TestNG_Parameters" name="testParameters1" time="0.001"/>
  <system-out/>
</testsuite> <!-- testclasses.TestNG_Parameters -->
