<?xml version="1.0" encoding="UTF-8"?>
<!-- Generated by org.testng.reporters.JUnitReportReporter -->
<testsuite hostname="LAPTOP-M644PBGN" failures="0" tests="2" name="testclasses.TestNG_Parallel" time="10.008" errors="0" timestamp="2021-02-03T20:56:54 IST" skipped="0">
  <testcase classname="testclasses.TestNG_Parallel" name="testMethod1" time="5.007"/>
  <system-out/>
  <testcase classname="testclasses.TestNG_Parallel" name="testMethod2" time="5.001"/>
  <system-out/>
</testsuite> <!-- testclasses.TestNG_Parallel -->
