<?xml version="1.0" encoding="UTF-8"?>
<!-- Generated by org.testng.reporters.JUnitReportReporter -->
<testsuite hostname="LAPTOP-M644PBGN" failures="0" tests="2" name="testclasses.TestSuite" time="0.011" errors="0" timestamp="2020-12-29T13:24:28 IST" skipped="0">
  <testcase classname="testclasses.TestSuite" name="test1" time="0.009"/>
  <system-out/>
  <testcase classname="testclasses.TestSuite" name="test" time="0.002"/>
  <system-out/>
</testsuite> <!-- testclasses.TestSuite -->
