<?xml version="1.0" encoding="UTF-8"?>
<!-- Generated by org.testng.reporters.JUnitReportReporter -->
<testsuite hostname="LAPTOP-M644PBGN" failures="0" tests="2" name="testclasses.TestNG_Preserve2" time="0.007" errors="0" timestamp="2020-12-30T12:12:41 IST" skipped="0">
  <testcase classname="testclasses.TestNG_Preserve2" name="testMethod1" time="0.006"/>
  <system-out/>
  <testcase classname="testclasses.TestNG_Preserve2" name="testMethod2" time="0.001"/>
  <system-out/>
</testsuite> <!-- testclasses.TestNG_Preserve2 -->
