<?xml version="1.0" encoding="UTF-8"?>
<!-- Generated by org.testng.reporters.JUnitReportReporter -->
<testsuite hostname="LAPTOP-M644PBGN" failures="0" tests="2" name="testclasses.TestNG_Groups" time="0.006" errors="0" timestamp="2020-12-29T19:34:18 IST" skipped="0">
  <testcase classname="testclasses.TestNG_Groups" name="testAudiA6" time="0.005"/>
  <system-out/>
  <testcase classname="testclasses.TestNG_Groups" name="testBMWX6" time="0.001"/>
  <system-out/>
</testsuite> <!-- testclasses.TestNG_Groups -->
