<?xml version="1.0" encoding="UTF-8"?>
<!-- Generated by org.testng.reporters.JUnitReportReporter -->
<testsuite hostname="LAPTOP-M644PBGN" failures="0" tests="2" name="readfromexcel.UsingExcel" time="18.664" errors="0" timestamp="2021-01-04T20:09:05 IST" skipped="0">
  <testcase classname="readfromexcel.UsingExcel" name="test" time="11.454"/>
  <system-out/>
  <testcase classname="readfromexcel.UsingExcel" name="test" time="7.210"/>
  <system-out/>
</testsuite> <!-- readfromexcel.UsingExcel -->
