<?xml version="1.0" encoding="UTF-8"?>
<!-- Generated by org.testng.reporters.JUnitReportReporter -->
<testsuite hostname="LAPTOP-M644PBGN" failures="0" tests="1" name="testclasses.NewTest" time="0.010" errors="0" timestamp="2020-12-28T22:32:47 IST" skipped="0">
  <testcase classname="testclasses.NewTest" name="testStrings" time="0.010"/>
  <system-out/>
</testsuite> <!-- testclasses.NewTest -->
