<?xml version="1.0" encoding="UTF-8"?>
<!-- Generated by org.testng.reporters.JUnitReportReporter -->
<testsuite hostname="LAPTOP-M644PBGN" failures="0" tests="3" name="testclasses.TestNG_DataProviders" time="0.006" errors="0" timestamp="2021-01-01T23:07:45 IST" skipped="0">
  <testcase classname="testclasses.TestNG_DataProviders" name="test" time="0.001"/>
  <system-out/>
  <testcase classname="testclasses.TestNG_DataProviders" name="test" time="0.001"/>
  <system-out/>
  <testcase classname="testclasses.TestNG_DataProviders" name="test" time="0.004"/>
  <system-out/>
</testsuite> <!-- testclasses.TestNG_DataProviders -->
