<?xml version="1.0" encoding="UTF-8"?>
<!-- Generated by org.testng.reporters.JUnitXMLReporter -->
<testsuite ignored="0" hostname="LAPTOP-M644PBGN" failures="0" tests="2" name="Test-1" time="10.042" errors="0" timestamp="2021-02-03T20:56:54 IST">
  <testcase classname="testclasses.TestNG_Parallel" name="testMethod1" time="5.007"/>
  <testcase classname="testclasses.TestNG_Parallel" name="testMethod2" time="5.001"/>
</testsuite> <!-- Test-1 -->
